#-----------------------------------------------------------
# Vivado v2016.1 (64-bit)
# SW Build 1538259 on Fri Apr  8 15:45:27 MDT 2016
# IP Build 1537824 on Fri Apr  8 04:28:57 MDT 2016
# Start of session at: Thu Jan 19 17:37:01 2023
# Process ID: 20908
# Current directory: C:/Users/Michael/Desktop/Elektronik/Wintersemester_2022/CHIP/vga_controller/generate/managed_ip_project
# Command line: vivado.exe -gui_launcher_event rodinguilauncherevent1568 C:\Users\Michael\Desktop\Elektronik\Wintersemester_2022\CHIP\vga_controller\generate\managed_ip_project\managed_ip_project.xpr
# Log file: C:/Users/Michael/Desktop/Elektronik/Wintersemester_2022/CHIP/vga_controller/generate/managed_ip_project/vivado.log
# Journal file: C:/Users/Michael/Desktop/Elektronik/Wintersemester_2022/CHIP/vga_controller/generate/managed_ip_project\vivado.jou
#-----------------------------------------------------------
start_gui
open_project C:/Users/Michael/Desktop/Elektronik/Wintersemester_2022/CHIP/vga_controller/generate/managed_ip_project/managed_ip_project.xpr
INFO: [ProjectBase 1-489] The host OS only allows 260 characters in a normal path. The project is stored in a path with more than 80 characters. If you experience issues with IP, Block Designs, or files not being found, please consider moving the project to a location with a shorter path. Alternately consider using the OS subst command to map part of the path to a drive letter.
Current project path is 'C:/Users/Michael/Desktop/Elektronik/Wintersemester_2022/CHIP/vga_controller/generate/managed_ip_project'
Scanning sources...
Finished scanning sources
INFO: [IP_Flow 19-234] Refreshing IP repositories
INFO: [IP_Flow 19-1704] No user IP repositories specified
INFO: [IP_Flow 19-2313] Loaded Vivado IP repository 'C:/Xilinx/Vivado/2016.1/data/ip'.
INFO: [Device 21-403] Loading part xc7a35tcpg236-1
WARNING: [IP_Flow 19-4067] Ignoring invalid widget type specified checkbox.Providing a default widget
WARNING: [IP_Flow 19-4067] Ignoring invalid widget type specified checkbox.Providing a default widget
exit
INFO: [Common 17-206] Exiting Vivado at Thu Jan 19 17:38:12 2023...
